<?xml version="1.0" encoding="UTF-8"?><testsuite errors="0" failures="1" name="com.student.JunitTest_classes.Retriving_Student_Details" skipped="0" tests="1" time="0.61" timestamp="2021-05-18T14:13:32.712+05:30[Asia/Calcutta]"><testcase classname="com.student.JunitTest_classes.Retriving_Student_Details" name="Gettingall students"><failure message="1 expectation failed.&#10;Expected status code &lt;200&gt; but was &lt;403&gt;.&#10;" type="java.lang.AssertionError">1 expectation failed.
Expected status code &lt;200&gt; but was &lt;403&gt;.
</failure><system-err>1 expectation failed.
Expected status code &lt;200&gt; but was &lt;403&gt;.
&#13;
io.restassured.internal.ResponseSpecificationImpl.validateResponseIfRequired(ResponseSpecificationImpl.groovy:636)&#13;
io.restassured.internal.ResponseSpecificationImpl.statusCode(ResponseSpecificationImpl.groovy:122)&#13;
io.restassured.internal.ResponseSpecificationImpl.statusCode(ResponseSpecificationImpl.groovy:130)&#13;
io.restassured.internal.ValidatableResponseOptionsImpl.statusCode(ValidatableResponseOptionsImpl.java:117)&#13;
com.student.JunitTest_classes.Retriving_Student_Details.gettingallStudents(Retriving_Student_Details.java:28)&#13;
</system-err></testcase></testsuite>